Error 1: Element-wise multiplication of ones detected!
Error 4: Matrix B contains the number 3!
Error 7: Result matrix contains a number between 11 and 20!
Error 4: Matrix B contains the number 3!
Error 7: Result matrix contains a number between 11 and 20!
Error 7: Result matrix contains a number between 11 and 20!
Error 7: Result matrix contains a number between 11 and 20!
Error 7: Result matrix contains a number between 11 and 20!
Error 7: Result matrix contains a number between 11 and 20!
Error 7: Result matrix contains a number between 11 and 20!
Error 7: Result matrix contains a number between 11 and 20!
Error 4: Matrix B contains the number 3!
Error 4: Matrix B contains the number 3!
Error 4: Matrix B contains the number 3!
Error 4: Matrix B contains the number 3!
Error 4: Matrix B contains the number 3!
Error 4: Matrix B contains the number 3!
Error 4: Matrix B contains the number 3!
Error 4: Matrix B contains the number 3!
Error 9: Result matrix contains the number 99!
Error 12: The number of rows in A is equal to the number of columns in B!
Error 13: The first element of matrix A is equal to the first element of matrix B!
Error 14: The result matrix C has an even number of rows!
Error 16: Matrix B contains the number 6!
Error 18: Matrix A is a square matrix!
